<?xml version="1.0" encoding="utf-8" standalone="no"?>
<!--This file represents the results of running a test suite-->
<test-results name="C:\Users\Administrator\Desktop\测试项目\TestPhoneRegion\TestPhoneRegion\bin\Debug\TestPhoneRegion.exe" total="1" errors="0" failures="0" not-run="0" inconclusive="0" ignored="0" skipped="0" invalid="0" date="2013-10-25" time="14:03:05">
  <environment nunit-version="2.6.3.13283" clr-version="2.0.50727.5420" os-version="Microsoft Windows NT 6.1.7601 Service Pack 1" platform="Win32NT" cwd="C:\Program Files (x86)\NUnit 2.6.3\bin" machine-name="WIN-OBTT7ICRP4I" user="Administrator" user-domain="WIN-OBTT7ICRP4I" />
  <culture-info current-culture="zh-CN" current-uiculture="zh-CN" />
  <test-suite type="Assembly" name="C:\Users\Administrator\Desktop\测试项目\TestPhoneRegion\TestPhoneRegion\bin\Debug\TestPhoneRegion.exe" executed="True" result="Success" success="True" time="3.997" asserts="0">
    <results>
      <test-suite type="Namespace" name="TestPhoneRegion" executed="True" result="Success" success="True" time="3.948" asserts="0">
        <results>
          <test-suite type="TestFixture" name="NunitTest" executed="True" result="Success" success="True" time="3.932" asserts="0">
            <results>
              <test-case name="TestPhoneRegion.NunitTest.GetMobileInofTest" executed="True" result="Success" success="True" time="3.903" asserts="1" />
            </results>
          </test-suite>
        </results>
      </test-suite>
    </results>
  </test-suite>
</test-results>